<?xml version="1.0" encoding="UTF-8"?>
<!-- Generated by org.testng.reporters.JUnitReportReporter -->
<testsuite hostname="LAPTOP-64SSBNLN" failures="0" tests="1" name="testcases.TestSkip" time="0.014" errors="0" timestamp="2024-04-06T15:05:45 IST" skipped="1">
  <testcase classname="testcases.TestSkip" name="isSkip" time="0.014">
    <skipped/>
  </testcase> <!-- isSkip -->
</testsuite> <!-- testcases.TestSkip -->
