<?xml version="1.0" encoding="UTF-8"?>
<!-- Generated by org.testng.reporters.JUnitReportReporter -->
<testsuite hostname="LAPTOP-64SSBNLN" failures="0" tests="2" name="testcases.TestCase1" time="0.025" errors="0" timestamp="2024-03-31T17:52:19 IST" skipped="0">
  <testcase classname="testcases.TestCase1" name="doUserRegistration" time="0.014"/>
  <testcase classname="testcases.TestCase1" name="doLogin" time="0.011"/>
</testsuite> <!-- testcases.TestCase1 -->
