<?xml version="1.0" encoding="UTF-8"?>
<!-- Generated by org.testng.reporters.JUnitReportReporter -->
<testsuite hostname="LAPTOP-64SSBNLN" failures="0" tests="5" name="parameterization.TestNGParameterizationExcel" time="0.029" errors="0" timestamp="2024-04-11T17:33:27 IST" skipped="0">
  <testcase classname="parameterization.TestNGParameterizationExcel" name="testData" time="0.002"/>
  <testcase classname="parameterization.TestNGParameterizationExcel" name="testData" time="0.007"/>
  <testcase classname="parameterization.TestNGParameterizationExcel" name="testData" time="0.006"/>
  <testcase classname="parameterization.TestNGParameterizationExcel" name="testData" time="0.003"/>
  <testcase classname="parameterization.TestNGParameterizationExcel" name="testData" time="0.011"/>
</testsuite> <!-- parameterization.TestNGParameterizationExcel -->
