<?xml version="1.0" encoding="UTF-8"?>
<!-- Generated by org.testng.reporters.JUnitReportReporter -->
<testsuite hostname="LAPTOP-64SSBNLN" failures="0" tests="2" name="testcases.TestCase1" time="0.016" errors="0" timestamp="2024-04-06T15:34:43 IST" skipped="0">
  <testcase classname="testcases.TestCase1" name="doUserRegistration" time="0.011"/>
  <testcase classname="testcases.TestCase1" name="doLogin" time="0.005"/>
</testsuite> <!-- testcases.TestCase1 -->
