<?xml version="1.0" encoding="UTF-8"?>
<!-- Generated by org.testng.reporters.JUnitReportReporter -->
<testsuite hostname="LAPTOP-64SSBNLN" failures="0" tests="2" name="testcases.TestCase1" time="0.018" errors="0" timestamp="2024-04-22T09:56:02 IST" skipped="0">
  <testcase classname="testcases.TestCase1" name="doUserRegistration" time="0.011"/>
  <testcase classname="testcases.TestCase1" name="doLogin" time="0.007"/>
</testsuite> <!-- testcases.TestCase1 -->
