<?xml version="1.0" encoding="UTF-8"?>
<!-- Generated by org.testng.reporters.JUnitReportReporter -->
<testsuite hostname="LAPTOP-64SSBNLN" failures="0" tests="4" name="regression.TestCase1" time="0.042" errors="0" timestamp="2024-04-04T18:18:22 IST" skipped="0">
  <testcase classname="regression.TestCase1" name="doUserRegistration" time="0.015"/>
  <testcase classname="regression.TestCase1" name="doUserRegistration" time="0.006"/>
  <testcase classname="regression.TestCase1" name="doLogin" time="0.006"/>
  <testcase classname="regression.TestCase1" name="doLogin" time="0.015"/>
</testsuite> <!-- regression.TestCase1 -->
