<?xml version="1.0" encoding="UTF-8"?>
<!-- Generated by org.testng.reporters.JUnitReportReporter -->
<testsuite hostname="LAPTOP-64SSBNLN" failures="0" tests="2" name="testcases.TestCase1" time="0.017" errors="0" timestamp="2024-04-04T18:38:30 IST" skipped="0">
  <testcase classname="testcases.TestCase1" name="doUserRegistration" time="0.013"/>
  <testcase classname="testcases.TestCase1" name="doLogin" time="0.004"/>
</testsuite> <!-- testcases.TestCase1 -->
