<?xml version="1.0" encoding="UTF-8"?>
<!-- Generated by org.testng.reporters.JUnitReportReporter -->
<testsuite hostname="ShyamAcer" failures="0" tests="2" name="testcases.TestCase1" time="0.026" errors="0" timestamp="2024-05-28T07:01:10 IST" skipped="0">
  <testcase classname="testcases.TestCase1" name="doUserRegistration" time="0.009"/>
  <testcase classname="testcases.TestCase1" name="doLogin" time="0.017"/>
</testsuite> <!-- testcases.TestCase1 -->
