<?xml version="1.0" encoding="UTF-8"?>
<!-- Generated by org.testng.reporters.JUnitReportReporter -->
<testsuite hostname="LAPTOP-64SSBNLN" failures="0" tests="3" name="parameterization.TestParameterization" time="0.021" errors="0" timestamp="2024-04-11T15:16:12 IST" skipped="0">
  <testcase classname="parameterization.TestParameterization" name="doLogin" time="0.010"/>
  <testcase classname="parameterization.TestParameterization" name="doLogin" time="0.002"/>
  <testcase classname="parameterization.TestParameterization" name="doLogin" time="0.009"/>
</testsuite> <!-- parameterization.TestParameterization -->
